proguard-project.txt
# To enable ProGuard in your project, edit project.properties
# to define the proguard.config property as described in that file.
#
# Add project specific ProGuard rules here.
# By default, the flags in this file are appended to flags specified
# in ${sdk.dir}/tools/proguard/proguard-android.txt
# You can edit the include path and order by changing the ProGuard
# include property in project.properties.
#
# For more details, see
#   http://developer.android.com/guide/developing/tools/proguard.html

# Add any project specific keep options here:

# If your project uses WebView with JS, uncomment the following
# and specify the fully qualified class name to the JavaScript interface
# class:
#-keepclassmembers class fqcn.of.javascript.interface.for.webview {
#   public *;
#}

-keep class android.support.v4.** { *; }
-dontwarn android.support.v4.*
-keep class twitter4j.** { *; }
-dontwarn twitter4j.*
-dontwarn twitter4j.management.**

-keepclassmembers class * implements java.io.Serializable
{
    private static final java.io.ObjectStreamField[] serialPersistentFields;
    private void writeObject(java.io.ObjectOutputStream);
    private void readObject(java.io.ObjectInputStream);
    java.lang.Object writeReplace();
    java.lang.Object readResolve();
}

-keep class com.facebook.** {
   *;
}

-keep class android.webkit.WebViewClient
-keep class * extends android.webkit.WebViewClient
-keepclassmembers class * extends android.webkit.WebViewClient { 
    <methods>; 
}

-keepclassmembers class * {
    @android.webkit.JavascriptInterface <methods>;
}