proguard/seeds.txt
com.mZone.epro.EproApplication
com.mZone.epro.EproApplication: EproApplication()
com.mZone.epro.EproApplication$TrackerName: com.mZone.epro.EproApplication$TrackerName[] values()
com.mZone.epro.EproApplication$TrackerName: com.mZone.epro.EproApplication$TrackerName valueOf(java.lang.String)
com.mZone.epro.EproBaseActivity: EproBaseActivity()
com.mZone.epro.LaunchActivity
com.mZone.epro.LaunchActivity: LaunchActivity()
com.mZone.epro.LaunchActivity: void onClick(android.view.View)
com.mZone.epro.R$anim: int abc_fade_in
com.mZone.epro.R$anim: int abc_fade_out
com.mZone.epro.R$anim: int abc_slide_in_bottom
com.mZone.epro.R$anim: int abc_slide_in_top
com.mZone.epro.R$anim: int abc_slide_out_bottom
com.mZone.epro.R$anim: int abc_slide_out_top
com.mZone.epro.R$array: int account_activity_phonecard_dialog_spin_cardtype
com.mZone.epro.R$array: int choose_payment_method_dialog_item_array
com.mZone.epro.R$array: int listening_score_table
com.mZone.epro.R$array: int reading_score_table
com.mZone.epro.R$array: int test_open_dialog_items
com.mZone.epro.R$array: int toeic_result_dialog_toeic_part
com.mZone.epro.R$attr: int actionBarDivider
com.mZone.epro.R$attr: int actionBarItemBackground
com.mZone.epro.R$attr: int actionBarSize
com.mZone.epro.R$attr: int actionBarSplitStyle
com.mZone.epro.R$attr: int actionBarStyle
com.mZone.epro.R$attr: int actionBarTabBarStyle
com.mZone.epro.R$attr: int actionBarTabStyle
com.mZone.epro.R$attr: int actionBarTabTextStyle
com.mZone.epro.R$attr: int actionBarWidgetTheme
com.mZone.epro.R$attr: int actionButtonStyle
com.mZone.epro.R$attr: int actionDropDownStyle
com.mZone.epro.R$attr: int actionLayout
com.mZone.epro.R$attr: int actionMenuTextAppearance
com.mZone.epro.R$attr: int actionMenuTextColor
com.mZone.epro.R$attr: int actionModeBackground
com.mZone.epro.R$attr: int actionModeCloseButtonStyle
com.mZone.epro.R$attr: int actionModeCloseDrawable
com.mZone.epro.R$attr: int actionModeCopyDrawable
com.mZone.epro.R$attr: int actionModeCutDrawable
com.mZone.epro.R$attr: int actionModeFindDrawable
com.mZone.epro.R$attr: int actionModePasteDrawable
com.mZone.epro.R$attr: int actionModePopupWindowStyle
com.mZone.epro.R$attr: int actionModeSelectAllDrawable
com.mZone.epro.R$attr: int actionModeShareDrawable
com.mZone.epro.R$attr: int actionModeSplitBackground
com.mZone.epro.R$attr: int actionModeStyle
com.mZone.epro.R$attr: int actionModeWebSearchDrawable
com.mZone.epro.R$attr: int actionOverflowButtonStyle
com.mZone.epro.R$attr: int actionProviderClass
com.mZone.epro.R$attr: int actionViewClass
com.mZone.epro.R$bool: int abc_action_bar_embed_tabs_pre_jb
com.mZone.epro.R$bool: int abc_action_bar_expanded_action_views_exclusive
com.mZone.epro.R$bool: int abc_config_actionMenuItemAllCaps
com.mZone.epro.R$bool: int abc_config_allowActionMenuItemTextWithIcon
com.mZone.epro.R$bool: int abc_config_showMenuShortcutsWhenKeyboardPresent
com.mZone.epro.R$bool: int abc_split_action_bar_is_narrow
...
android.support.v4.app.ShareCompatJB
android.support.v4.app.ShareCompatJB: ShareCompatJB()
android.support.v4.app.ShareCompatJB: java.lang.String escapeHtml(java.lang.CharSequence)
android.support.v4.app.SuperNotCalledException
android.support.v4.app.SuperNotCalledException: SuperNotCalledException(java.lang.String)
android.support.v4.app.TaskStackBuilder
android.support.v4.app.TaskStackBuilder: java.lang.String TAG
android.support.v4.app.TaskStackBuilder: android.support.v4.app.TaskStackBuilder$TaskStackBuilderImpl IMPL
android.support.v4.app.TaskStackBuilder: java.util.ArrayList mIntents
android.support.v4.app.TaskStackBuilder: android.content.Context mSourceContext
android.support.v4.app.TaskStackBuilder: TaskStackBuilder(android.content.Context)
android.support.v4.app.TaskStackBuilder: android.support.v4.app.TaskStackBuilder create(android.content.Context)
android.support.v4.app.TaskStackBuilder: android.support.v4.app.TaskStackBuilder from(android.content.Context)
android.support.v4.app.TaskStackBuilder: android.support.v4.app.TaskStackBuilder addNextIntent(android.content.Intent)
android.support.v4.app.TaskStackBuilder: android.support.v4.app.TaskStackBuilder addNextIntentWithParentStack(android.content.Intent)
android.support.v4.app.TaskStackBuilder: android.support.v4.app.TaskStackBuilder addParentStack(android.app.Activity)
android.support.v4.app.TaskStackBuilder: android.support.v4.app.TaskStackBuilder addParentStack(java.lang.Class)
android.support.v4.app.TaskStackBuilder: android.support.v4.app.TaskStackBuilder addParentStack(android.content.ComponentName)
android.support.v4.app.TaskStackBuilder: int getIntentCount()
android.support.v4.app.TaskStackBuilder: android.content.Intent getIntent(int)
android.support.v4.app.TaskStackBuilder: android.content.Intent editIntentAt(int)
android.support.v4.app.TaskStackBuilder$SupportParentable
android.support.v4.app.TaskStackBuilder$SupportParentable: android.content.Intent getSupportParentActivityIntent()
android.support.v4.app.TaskStackBuilder$TaskStackBuilderImpl
android.support.v4.app.TaskStackBuilder$TaskStackBuilderImpl: android.app.PendingIntent getPendingIntent(android.content.Context,android.content.Intent[],int,int,android.os.Bundle)
android.support.v4.app.TaskStackBuilder$TaskStackBuilderImplBase
android.support.v4.app.TaskStackBuilder$TaskStackBuilderImplBase: TaskStackBuilder$TaskStackBuilderImplBase()
android.support.v4.app.TaskStackBuilder$TaskStackBuilderImplBase: android.app.PendingIntent getPendingIntent(android.content.Context,android.content.Intent[],int,int,android.os.Bundle)
android.support.v4.app.TaskStackBuilder$TaskStackBuilderImplHoneycomb
android.support.v4.app.TaskStackBuilder$TaskStackBuilderImplHoneycomb: TaskStackBuilder$TaskStackBuilderImplHoneycomb()
android.support.v4.app.TaskStackBuilder$TaskStackBuilderImplHoneycomb: android.app.PendingIntent getPendingIntent(android.content.Context,android.content.Intent[],int,int,android.os.Bundle)
android.support.v4.app.TaskStackBuilder$TaskStackBuilderImplJellybean
android.support.v4.app.TaskStackBuilder$TaskStackBuilderImplJellybean: TaskStackBuilder$TaskStackBuilderImplJellybean()
android.support.v4.app.TaskStackBuilder$TaskStackBuilderImplJellybean: android.app.PendingIntent getPendingIntent(android.content.Context,android.content.Intent[],int,int,android.os.Bundle)
android.support.v4.app.TaskStackBuilderHoneycomb
android.support.v4.app.TaskStackBuilderHoneycomb: TaskStackBuilderHoneycomb()
android.support.v4.app.TaskStackBuilderHoneycomb: android.app.PendingIntent getActivitiesPendingIntent(android.content.Context,int,android.content.Intent[],int)
android.support.v4.app.TaskStackBuilderJellybean
android.support.v4.app.TaskStackBuilderJellybean: TaskStackBuilderJellybean()
android.support.v4.app.TaskStackBuilderJellybean: android.app.PendingIntent getActivitiesPendingIntent(android.content.Context,int,android.content.Intent[],int,android.os.Bundle)