proguard/mapping.txt
com.mZone.epro.EproApplication -> com.mZone.epro.EproApplication:
    java.util.HashMap mTrackers -> a
    void onCreate() -> onCreate
    com.google.android.gms.analytics.Tracker getTracker(com.mZone.epro.EproApplication$TrackerName) -> a
com.mZone.epro.EproApplication$TrackerName -> com.mZone.epro.a:
    com.mZone.epro.EproApplication$TrackerName APP_TRACKER -> a
    com.mZone.epro.EproApplication$TrackerName GLOBAL_TRACKER -> b
    com.mZone.epro.EproApplication$TrackerName ECOMMERCE_TRACKER -> c
    com.mZone.epro.EproApplication$TrackerName[] ENUM$VALUES -> d
    com.mZone.epro.EproApplication$TrackerName[] values() -> values
    com.mZone.epro.EproApplication$TrackerName valueOf(java.lang.String) -> valueOf
com.mZone.epro.EproBaseActivity -> com.mZone.epro.b:
    int mLoaderId -> b
    void onCreate(android.os.Bundle) -> onCreate
    void onStart() -> onStart
    void onStop() -> onStop
    void onDestroy() -> onDestroy
    void onSaveInstanceState(android.os.Bundle) -> onSaveInstanceState
    void finish() -> finish
    boolean onOptionsItemSelected(android.view.MenuItem) -> onOptionsItemSelected
com.mZone.epro.LaunchActivity -> com.mZone.epro.LaunchActivity:
    com.mZone.epro.client.data.ClientDataController dataController -> c
    android.support.v4.widget.DrawerLayout mDrawerLayout -> d
    android.view.View mDrawerMenu -> e
    android.support.v4.app.ActionBarDrawerToggle mDrawerToggle -> f
    android.widget.ListView mDrawerListView -> g
    java.lang.CharSequence mDrawerTitle -> h
    java.lang.CharSequence mTitle -> i
    android.view.View mAccountLayout -> j
    android.widget.TextView mAccountTextview -> k
    android.view.View mLoadingBar -> l
    int mLoadingBarHeight -> m
    float mLoadingBarHidePosition -> n
    int currentFragment -> o
    android.view.MenuItem menuStoreHomeSwitch -> p
    android.view.MenuItem menuRefresh -> q
    boolean doubleBackToExitPressedOnce -> r
    int doubleBackToExitPressedOnceTime -> s
    android.content.BroadcastReceiver mMessageReceiver -> t
    com.mZone.epro.client.task.DownloadManagerService mBoundService -> u
    boolean mIsBound -> b
    android.content.ServiceConnection mConnection -> v
    void onCreate(android.os.Bundle) -> onCreate
    void initFragment() -> e
    void setAccountTextview() -> f
    void onStart() -> onStart
    void onStop() -> onStop
    void onDestroy() -> onDestroy
    void onBackPressed() -> onBackPressed
    android.support.v4.content.Loader onCreateLoader(int,android.os.Bundle) -> onCreateLoader
    void onLoadFinished(android.support.v4.content.Loader,android.database.Cursor) -> a
com.mZone.epro.LaunchActivity$1 -> com.mZone.epro.c:
    com.mZone.epro.LaunchActivity this$0 -> a
    void onReceive(android.content.Context,android.content.Intent) -> onReceive
com.mZone.epro.LaunchActivity$10 -> com.mZone.epro.d:
    com.mZone.epro.LaunchActivity this$0 -> a
    java.lang.Integer val$result -> b
    void run() -> run
com.mZone.epro.LaunchActivity$11 -> com.mZone.epro.e:
    com.mZone.epro.LaunchActivity this$0 -> a
    void onClick(android.content.DialogInterface,int) -> onClick
com.mZone.epro.LaunchActivity$12 -> com.mZone.epro.f:
    com.mZone.epro.LaunchActivity this$0 -> a
    java.lang.String[] val$languageArray -> b
    void onClick(android.content.DialogInterface,int) -> onClick
com.mZone.epro.LaunchActivity$13 -> com.mZone.epro.g:
    com.mZone.epro.LaunchActivity this$0 -> a
    com.mZone.epro.dict.data.DictionaryItemServer val$dict -> b
    void onClick(android.content.DialogInterface,int) -> onClick
com.mZone.epro.LaunchActivity$2 -> com.mZone.epro.h:
    com.mZone.epro.LaunchActivity this$0 -> a
    void onServiceConnected(android.content.ComponentName,android.os.IBinder) -> onServiceConnected
    void onServiceDisconnected(android.content.ComponentName) -> onServiceDisconnected
...
android.support.v4.text.TextDirectionHeuristicsCompat$TextDirectionHeuristicInternal -> android.support.v4.text.TextDirectionHeuristicsCompat$TextDirectionHeuristicInternal:
    boolean mDefaultIsRtl -> mDefaultIsRtl
    boolean defaultIsRtl() -> defaultIsRtl
android.support.v4.text.TextDirectionHeuristicsCompat$TextDirectionHeuristicLocale -> android.support.v4.text.TextDirectionHeuristicsCompat$TextDirectionHeuristicLocale:
    android.support.v4.text.TextDirectionHeuristicsCompat$TextDirectionHeuristicLocale INSTANCE -> INSTANCE
    boolean defaultIsRtl() -> defaultIsRtl
android.support.v4.text.TextUtilsCompat -> android.support.v4.text.TextUtilsCompat:
    java.util.Locale ROOT -> ROOT
    java.lang.String ARAB_SCRIPT_SUBTAG -> ARAB_SCRIPT_SUBTAG
    java.lang.String HEBR_SCRIPT_SUBTAG -> HEBR_SCRIPT_SUBTAG
    java.lang.String htmlEncode(java.lang.String) -> htmlEncode
    int getLayoutDirectionFromLocale(java.util.Locale) -> getLayoutDirectionFromLocale
    int getLayoutDirectionFromFirstChar(java.util.Locale) -> getLayoutDirectionFromFirstChar
android.support.v4.util.ArrayMap -> android.support.v4.util.ArrayMap:
    android.support.v4.util.MapCollections mCollections -> mCollections
    android.support.v4.util.MapCollections getCollection() -> getCollection
    boolean containsAll(java.util.Collection) -> containsAll
    void putAll(java.util.Map) -> putAll
    boolean removeAll(java.util.Collection) -> removeAll
    boolean retainAll(java.util.Collection) -> retainAll
    java.util.Set entrySet() -> entrySet
    java.util.Set keySet() -> keySet
    java.util.Collection values() -> values
android.support.v4.util.ArrayMap$1 -> android.support.v4.util.ArrayMap$1:
    android.support.v4.util.ArrayMap this$0 -> this$0
    int colGetSize() -> colGetSize
    java.lang.Object colGetEntry(int,int) -> colGetEntry
    int colIndexOfKey(java.lang.Object) -> colIndexOfKey
    int colIndexOfValue(java.lang.Object) -> colIndexOfValue
    java.util.Map colGetMap() -> colGetMap
    void colPut(java.lang.Object,java.lang.Object) -> colPut
    java.lang.Object colSetValue(int,java.lang.Object) -> colSetValue
    void colRemoveAt(int) -> colRemoveAt
    void colClear() -> colClear
android.support.v4.util.AtomicFile -> android.support.v4.util.AtomicFile:
    java.io.File mBaseName -> mBaseName
    java.io.File mBackupName -> mBackupName
    java.io.File getBaseFile() -> getBaseFile
    void delete() -> delete
    java.io.FileOutputStream startWrite() -> startWrite
    void finishWrite(java.io.FileOutputStream) -> finishWrite
    void failWrite(java.io.FileOutputStream) -> failWrite
    java.io.FileInputStream openRead() -> openRead
    byte[] readFully() -> readFully
    boolean sync(java.io.FileOutputStream) -> sync
android.support.v4.util.ContainerHelpers -> android.support.v4.util.ContainerHelpers:
    int[] EMPTY_INTS -> EMPTY_INTS
    long[] EMPTY_LONGS -> EMPTY_LONGS
    java.lang.Object[] EMPTY_OBJECTS -> EMPTY_OBJECTS
    int idealIntArraySize(int) -> idealIntArraySize
    int idealLongArraySize(int) -> idealLongArraySize
    int idealByteArraySize(int) -> idealByteArraySize
    boolean equal(java.lang.Object,java.lang.Object) -> equal
    int binarySearch(int[],int,int) -> binarySearch
    int binarySearch(long[],int,long) -> binarySearch
android.support.v4.util.DebugUtils -> android.support.v4.util.DebugUtils:
    void buildShortClassTag(java.lang.Object,java.lang.StringBuilder) -> buildShortClassTag
android.support.v4.util.LogWriter -> android.support.v4.util.LogWriter:
    java.lang.String mTag -> mTag
    java.lang.StringBuilder mBuilder -> mBuilder
    void close() -> close
    void flush() -> flush
    void write(char[],int,int) -> write
    void flushBuilder() -> flushBuilder