proguard/usage.txt
com.mZone.epro.BuildConfig
com.mZone.epro.EproApplication:
    private static final java.lang.String LOG_TAG
com.mZone.epro.EproBaseActivity:
    private static final java.lang.String LOG_TAG
    private static final int LOADER_ID_DEFAULT_VALUE
    private static final java.lang.String SAVED_INSTANCE_STATE_KEY_LOADER_ID
    protected static final java.lang.String INTENT_EXTRA_KEY_OVERRIDE_PENDING_TRANSITION
    protected static final java.lang.String INTENT_EXTRA_KEY_OVERRIDE_PENDING_TRANSITION_ENTER_ANIM
    protected static final java.lang.String INTENT_EXTRA_KEY_OVERRIDE_PENDING_TRANSITION_EXIT_ANIM
    protected static final int OVERRIDE_PENDING_TRANSITION_NO_ANIM
    114:120:public int getNewLoaderId()
com.mZone.epro.EproBaseFragment
com.mZone.epro.EproBaseListFragment
com.mZone.epro.EproBaseSectionListFragment
com.mZone.epro.LaunchActivity:
    public static final int HOME_FRAGMENT
    public static final int STORE_FRAGMENT
    public static final int HISTORY_FRAGMENT
    public static final int DICTIONARY_FRAGMENT
    public static final int ABOUT_FRAGMENT
com.mZone.epro.LaunchActivity$GetBookFromServerTaskLoader:
    public static final int STATUS_SUCCESS
    public static final int STATUS_ERROR
com.mZone.epro.R:
    10:10:public R()
com.mZone.epro.R$anim
com.mZone.epro.R$array
com.mZone.epro.R$attr
com.mZone.epro.R$bool
com.mZone.epro.R$color
com.mZone.epro.R$dimen
com.mZone.epro.R$drawable
com.mZone.epro.R$id
com.mZone.epro.R$integer
com.mZone.epro.R$layout
com.mZone.epro.R$menu
com.mZone.epro.R$string
com.mZone.epro.R$style
com.mZone.epro.R$styleable:
    4097:4097:public R$styleable()
com.mZone.epro.R$xml
com.mZone.epro.account.AccountActivity:
    public static final java.lang.String ACCOUNT_CHANGE_BROADCAST_INTENT
    public static final java.lang.String PHONECARD_DIALOG_FRAGMENT_TAG
    public static final int START_ACTIVITY_REQUEST_CODE_LOGIN_TWITTER
    private static final java.lang.String FRAGMENT_TAG_DIALOG_CHECK_TWITTER_OAUTH
    private static final int TOAST_TIME
    private static final int CREDIT_PER_CLICK
    private static final int RC_REQUEST
    public static final java.lang.String NO_ACCOUNT_START_ACTIVITY_ARGS
    1045:1070:public void twitterFollow()
    1147:1181:private void publishFeedDialog()
    1213:1217:public void showAdOverClickDialog()
com.mZone.epro.account.AccountActivity$15
com.mZone.epro.account.AccountActivity$19
com.mZone.epro.account.AccountActivity$LoginTaskLoader:
    public static final int STATUS_ERROR
com.mZone.epro.account.AccountActivity$LoginTaskLoaderCallback:
    public static final java.lang.String ARGS_ACCOUNT_NAME
com.mZone.epro.account.AccountActivity$LogoutTaskLoaderCallback:
    public static final java.lang.String ARGS_ACCOUNT
com.mZone.epro.account.AccountActivity$UpdateCreditsTaskLoader:
    public static final int STATUS_SUCCESS
    public static final int STATUS_FAIL
    public static final int STATUS_HACK
com.mZone.epro.account.dialog.ChoosePaymentMethodDialog
com.mZone.epro.account.dialog.ChoosePaymentMethodDialog$1
com.mZone.epro.account.dialog.ChoosePaymentMethodDialog$ChoosePaymentMethodDialogDelegate
com.mZone.epro.account.twitter.TwitterConstants
com.mZone.epro.account.twitter.TwitterDataController:
    private static final java.lang.String PREF_FILE_NAME
    47:48:public synchronized java.lang.String getAccountName()
com.mZone.epro.account.twitter.TwitterWebLoginActivity:
    private static final java.lang.String FRAGMENT_TAG_DIALOG_OAUTH_REQUEST_TOKEN_ERROR
    private static final int MESSAGE_ID_OAUTH_REQUEST_TOKEN_ERROR_DIALOG
...
com.google.android.gms.internal.p$a
com.google.android.gms.internal.q
com.google.android.gms.internal.r
com.google.android.gms.internal.s
com.google.android.gms.internal.s$a
com.google.android.gms.internal.s$a$a
com.google.android.gms.internal.v
com.google.android.gms.internal.v$1
com.google.android.gms.internal.v$a
com.google.android.gms.internal.v$b
com.google.android.gms.internal.w
com.google.android.gms.internal.x
com.google.android.gms.internal.x$1
com.google.android.gms.internal.x$a
com.google.android.gms.internal.y
com.google.android.gms.internal.z
com.google.android.gms.location.ActivityRecognitionClient
com.google.android.gms.location.ActivityRecognitionResult:
    public static final java.lang.String EXTRA_ACTIVITY_RESULT
    public ActivityRecognitionResult(java.util.List,long,long)
    public ActivityRecognitionResult(com.google.android.gms.location.DetectedActivity,long,long)
    public static boolean hasResult(android.content.Intent)
    public static com.google.android.gms.location.ActivityRecognitionResult extractResult(android.content.Intent)
    public com.google.android.gms.location.DetectedActivity getMostProbableActivity()
    public int getActivityConfidence(int)
    public java.util.List getProbableActivities()
    public long getTime()
    public long getElapsedRealtimeMillis()
com.google.android.gms.location.ActivityRecognitionResultCreator:
    public static final int CONTENT_DESCRIPTION
com.google.android.gms.location.DetectedActivity:
    public static final int IN_VEHICLE
    public static final int ON_BICYCLE
    public static final int ON_FOOT
    public static final int STILL
    public static final int UNKNOWN
    public static final int TILTING
    public static final int WALKING
    public static final int RUNNING
    public DetectedActivity(int,int)
    public int getConfidence()
com.google.android.gms.location.DetectedActivityCreator:
    public static final int CONTENT_DESCRIPTION
com.google.android.gms.location.Geofence
com.google.android.gms.location.Geofence$Builder
com.google.android.gms.location.GeofenceStatusCodes
com.google.android.gms.location.LocationClient
com.google.android.gms.location.LocationClient$OnAddGeofencesResultListener
com.google.android.gms.location.LocationClient$OnRemoveGeofencesResultListener
com.google.android.gms.location.LocationListener
com.google.android.gms.location.LocationRequest:
    public static final int PRIORITY_HIGH_ACCURACY
    public static final int PRIORITY_BALANCED_POWER_ACCURACY
    public static final int PRIORITY_LOW_POWER
    public static final int PRIORITY_NO_POWER
    public static com.google.android.gms.location.LocationRequest create()
    public com.google.android.gms.location.LocationRequest setPriority(int)
    public int getPriority()
    public com.google.android.gms.location.LocationRequest setInterval(long)
    public long getInterval()
    public com.google.android.gms.location.LocationRequest setFastestInterval(long)
    public long getFastestInterval()
    public com.google.android.gms.location.LocationRequest setExpirationDuration(long)
    public com.google.android.gms.location.LocationRequest setExpirationTime(long)
    public long getExpirationTime()
    public com.google.android.gms.location.LocationRequest setNumUpdates(int)
    public int getNumUpdates()
    public com.google.android.gms.location.LocationRequest setSmallestDisplacement(float)
    public float getSmallestDisplacement()
    private static void s(long)
    private static void bw(int)
    private static void a(float)
com.google.android.gms.location.LocationRequestCreator:
    public static final int CONTENT_DESCRIPTION
com.google.android.gms.location.LocationStatusCodes
com.google.android.gms.location.a
com.google.android.gms.location.a$a
com.google.android.gms.location.a$a$a
com.google.android.gms.maps.CameraUpdate
com.google.android.gms.maps.CameraUpdateFactory
com.google.android.gms.maps.GoogleMap
com.google.android.gms.maps.GoogleMap$1